2025-12-24T11:07:59.371+05:30  INFO 10516 --- [restartedMain] biz.craftline.server.ServerApplication   : Starting ServerApplication using Java 21.0.8 with PID 10516 (D:\work\ClappN\target\classes started by Shiva in D:\work\ClappN)
2025-12-24T11:07:59.371+05:30 DEBUG 10516 --- [restartedMain] biz.craftline.server.ServerApplication   : Running with Spring Boot v3.1.4, Spring v6.0.12
2025-12-24T11:07:59.371+05:30  INFO 10516 --- [restartedMain] biz.craftline.server.ServerApplication   : The following 1 profile is active: "dev"
2025-12-24T11:07:59.441+05:30  INFO 10516 --- [restartedMain] .e.DevToolsPropertyDefaultsPostProcessor : Devtools property defaults active! Set 'spring.devtools.add-properties' to 'false' to disable
2025-12-24T11:07:59.441+05:30  INFO 10516 --- [restartedMain] .e.DevToolsPropertyDefaultsPostProcessor : For additional web related logging consider setting the 'logging.level.web' property to 'DEBUG'
2025-12-24T11:08:08.677+05:30  INFO 10516 --- [restartedMain] .s.d.r.c.RepositoryConfigurationDelegate : Bootstrapping Spring Data JPA repositories in DEFAULT mode.
2025-12-24T11:08:09.127+05:30  INFO 10516 --- [restartedMain] .s.d.r.c.RepositoryConfigurationDelegate : Finished Spring Data repository scanning in 429 ms. Found 39 JPA repository interfaces.
2025-12-24T11:08:11.663+05:30  INFO 10516 --- [restartedMain] o.s.b.w.embedded.tomcat.TomcatWebServer  : Tomcat initialized with port(s): 9090 (http)
2025-12-24T11:08:11.691+05:30  INFO 10516 --- [restartedMain] o.apache.catalina.core.StandardService   : Starting service [Tomcat]
2025-12-24T11:08:11.691+05:30  INFO 10516 --- [restartedMain] o.apache.catalina.core.StandardEngine    : Starting Servlet engine: [Apache Tomcat/10.1.13]
2025-12-24T11:08:11.870+05:30  INFO 10516 --- [restartedMain] o.a.c.c.C.[Tomcat].[localhost].[/]       : Initializing Spring embedded WebApplicationContext
2025-12-24T11:08:11.876+05:30  INFO 10516 --- [restartedMain] w.s.c.ServletWebServerApplicationContext : Root WebApplicationContext: initialization completed in 12435 ms
2025-12-24T11:08:12.047+05:30 DEBUG 10516 --- [restartedMain] b.c.s.c.s.JwtAuthenticationFilter        : Filter 'jwtAuthenticationFilter' configured for use
2025-12-24T11:08:12.343+05:30  INFO 10516 --- [restartedMain] o.f.c.internal.license.VersionPrinter    : Flyway Community Edition 9.16.3 by Redgate
2025-12-24T11:08:12.343+05:30  INFO 10516 --- [restartedMain] o.f.c.internal.license.VersionPrinter    : See release notes here: https://rd.gt/416ObMi
2025-12-24T11:08:12.343+05:30  INFO 10516 --- [restartedMain] o.f.c.internal.license.VersionPrinter    : 
2025-12-24T11:08:12.368+05:30  INFO 10516 --- [restartedMain] com.zaxxer.hikari.HikariDataSource       : HikariPool-1 - Starting...
2025-12-24T11:08:13.020+05:30  INFO 10516 --- [restartedMain] com.zaxxer.hikari.pool.HikariPool        : HikariPool-1 - Added connection com.mysql.cj.jdbc.ConnectionImpl@4313f8c0
2025-12-24T11:08:13.035+05:30  INFO 10516 --- [restartedMain] com.zaxxer.hikari.HikariDataSource       : HikariPool-1 - Start completed.
2025-12-24T11:08:13.090+05:30  INFO 10516 --- [restartedMain] o.f.c.i.database.base.BaseDatabaseType   : Database: jdbc:mysql://127.0.0.1:3306/clapp (MySQL 8.0)
2025-12-24T11:08:13.216+05:30  INFO 10516 --- [restartedMain] o.f.core.internal.command.DbValidate     : Successfully validated 2 migrations (execution time 00:00.073s)
2025-12-24T11:08:13.250+05:30  INFO 10516 --- [restartedMain] o.f.core.internal.command.DbMigrate      : Current version of schema `clapp`: 2
2025-12-24T11:08:13.251+05:30  INFO 10516 --- [restartedMain] o.f.core.internal.command.DbMigrate      : Schema `clapp` is up to date. No migration necessary.
2025-12-24T11:08:13.425+05:30  INFO 10516 --- [restartedMain] o.hibernate.jpa.internal.util.LogHelper  : HHH000204: Processing PersistenceUnitInfo [name: default]
2025-12-24T11:08:13.538+05:30  INFO 10516 --- [restartedMain] org.hibernate.Version                    : HHH000412: Hibernate ORM core version 6.2.9.Final
2025-12-24T11:08:13.538+05:30  INFO 10516 --- [restartedMain] org.hibernate.cfg.Environment            : HHH000406: Using bytecode reflection optimizer
2025-12-24T11:08:13.760+05:30  INFO 10516 --- [restartedMain] o.h.b.i.BytecodeProviderInitiator        : HHH000021: Bytecode provider name : bytebuddy
2025-12-24T11:08:13.949+05:30  INFO 10516 --- [restartedMain] o.s.o.j.p.SpringPersistenceUnitInfo      : No LoadTimeWeaver setup: ignoring JPA class transformer
2025-12-24T11:08:14.026+05:30  WARN 10516 --- [restartedMain] org.hibernate.orm.deprecation            : HHH90000026: MySQL8Dialect has been deprecated; use org.hibernate.dialect.MySQLDialect instead
2025-12-24T11:08:14.528+05:30  INFO 10516 --- [restartedMain] o.h.b.i.BytecodeProviderInitiator        : HHH000021: Bytecode provider name : bytebuddy
2025-12-24T11:08:16.106+05:30  INFO 10516 --- [restartedMain] o.h.e.t.j.p.i.JtaPlatformInitiator       : HHH000490: Using JtaPlatform implementation: [org.hibernate.engine.transaction.jta.platform.internal.NoJtaPlatform]
2025-12-24T11:08:16.588+05:30  INFO 10516 --- [restartedMain] j.LocalContainerEntityManagerFactoryBean : Initialized JPA EntityManagerFactory for persistence unit 'default'
2025-12-24T11:08:17.100+05:30  INFO 10516 --- [restartedMain] o.s.d.j.r.query.QueryEnhancerFactory     : Hibernate is in classpath; If applicable, HQL parser will be used.
2025-12-24T11:08:19.431+05:30  INFO 10516 --- [restartedMain] b.c.s.f.p.a.p.StripePaymentProvider      : Stripe initialized with publishable key: pk_test_51SXMkJ8gnennOLKey67KCpjqbQ371GS4IkbPqtsv37k01FKcyqo9jp4SJE9F3jijF7hxFElJxpSJPwzZ1XoyuUzN00DhKJwTxZ
2025-12-24T11:08:19.834+05:30  WARN 10516 --- [restartedMain] JpaBaseConfiguration$JpaWebConfiguration : spring.jpa.open-in-view is enabled by default. Therefore, database queries may be performed during view rendering. Explicitly configure spring.jpa.open-in-view to disable this warning
2025-12-24T11:08:20.268+05:30  INFO 10516 --- [restartedMain] o.s.s.web.DefaultSecurityFilterChain     : Will secure any request with [org.springframework.security.web.session.DisableEncodeUrlFilter@29ae83ea, org.springframework.security.web.context.request.async.WebAsyncManagerIntegrationFilter@5a5b9aaf, org.springframework.security.web.context.SecurityContextHolderFilter@6fdbc9e0, org.springframework.security.web.header.HeaderWriterFilter@4397fb26, org.springframework.web.filter.CorsFilter@51d815de, org.springframework.security.web.authentication.logout.LogoutFilter@1b1ae3b3, org.springframework.security.web.savedrequest.RequestCacheAwareFilter@7f137e08, org.springframework.security.web.servletapi.SecurityContextHolderAwareRequestFilter@2a34d301, org.springframework.security.web.authentication.AnonymousAuthenticationFilter@4ec9f594, org.springframework.security.web.access.ExceptionTranslationFilter@3c5e53d1, org.springframework.security.web.access.intercept.AuthorizationFilter@6f31f2a0]
2025-12-24T11:08:20.843+05:30  INFO 10516 --- [restartedMain] o.s.b.d.a.OptionalLiveReloadServer       : LiveReload server is running on port 35729
2025-12-24T11:08:20.883+05:30  INFO 10516 --- [restartedMain] o.s.b.w.embedded.tomcat.TomcatWebServer  : Tomcat started on port(s): 9090 (http) with context path ''
2025-12-24T11:08:20.902+05:30  INFO 10516 --- [restartedMain] biz.craftline.server.ServerApplication   : Started ServerApplication in 22.057 seconds (process running for 27.708)
2025-12-24T11:13:15.979+05:30  INFO 10516 --- [http-nio-9090-exec-1] o.a.c.c.C.[Tomcat].[localhost].[/]       : Initializing Spring DispatcherServlet 'dispatcherServlet'
2025-12-24T11:13:15.986+05:30  INFO 10516 --- [http-nio-9090-exec-1] o.s.web.servlet.DispatcherServlet        : Initializing Servlet 'dispatcherServlet'
2025-12-24T11:13:15.986+05:30  INFO 10516 --- [http-nio-9090-exec-1] o.s.web.servlet.DispatcherServlet        : Completed initialization in 0 ms
